\BOOKMARK [1][-]{section.1}{\376\377\000P\001\131\000\355\000k\000l\000a\000d\000\040\0001\000E\000\040\040\023\000\040\000P\000r\001\157\000b\001\033\000h\000\040\000v\000n\000i\000t\001\131\000n\000\355\000c\000h\000\040\000s\000i\000l\000\040\000a\000\040\000m\000o\000m\000e\000n\000t\001\157\000\040\000n\000a\000\040\000n\000o\000s\000n\000\355\000k\000u}{}% 1
\BOOKMARK [2][-]{subsection.1.1}{\376\377\000Z\000a\000d\000\341\000n\000\355}{section.1}% 2
\BOOKMARK [2][-]{subsection.1.2}{\376\377\000D\000e\000t\000e\000r\000m\000i\000n\000i\000s\000t\000i\000c\000k\000\351\000\040\001\131\000e\001\141\000e\000n\000\355}{section.1}% 3
\BOOKMARK [3][-]{subsubsection.1.2.1}{\376\377\000S\000t\000a\000t\000i\000c\000k\000\341\000\040\000u\000r\001\015\000i\000t\000o\000s\000t}{subsection.1.2}% 4
\BOOKMARK [3][-]{subsubsection.1.2.2}{\376\377\000N\000\341\000h\000r\000a\000d\000a\000\040\000s\000p\000o\000j\000i\000t\000\351\000h\000o\000\040\000z\000a\000t\000\355\001\176\000e\000n\000\355\000\040\000v\000\375\000s\000l\000e\000d\000n\000i\000c\000\355}{subsection.1.2}% 5
\BOOKMARK [3][-]{subsubsection.1.2.3}{\376\377\000R\000o\000v\000n\000i\000c\000e\000\040\000r\000o\000v\000n\000o\000v\000\341\000h\000y\000\040\000a\000\040\000v\000\375\000p\000o\001\015\000e\000t\000\040\000r\000e\000a\000k\000c\000\355}{subsection.1.2}% 6
\BOOKMARK [3][-]{subsubsection.1.2.4}{\376\377\000K\000l\000\355\001\015\000o\000v\000\351\000\040\000h\000o\000d\000n\000o\000t\000y\000\040\000p\000r\001\157\000b\001\033\000h\001\157\000\040\000v\000n\000i\000t\001\131\000n\000\355\000c\000h\000\040\000s\000i\000l}{subsection.1.2}% 7
\BOOKMARK [2][-]{subsection.1.3}{\376\377\000S\000t\000o\000c\000h\000a\000s\000t\000i\000c\000k\000\341\000\040\000a\000n\000a\000l\000\375\000z\000a\000\040\040\023\000\040\000M\000o\000n\000t\000e\000\040\000C\000a\000r\000l\000o}{section.1}% 8
\BOOKMARK [3][-]{subsubsection.1.3.1}{\376\377\000P\000r\000i\000n\000c\000i\000p\000\040\000m\000e\000t\000o\000d\000y\000\040\000M\000o\000n\000t\000e\000\040\000C\000a\000r\000l\000o}{subsection.1.3}% 9
\BOOKMARK [3][-]{subsubsection.1.3.2}{\376\377\000M\000o\000d\000e\000l\000\040\000n\000e\000j\000i\000s\000t\000o\000t\000y\000\040\000v\000s\000t\000u\000p\001\157}{subsection.1.3}% 10
\BOOKMARK [3][-]{subsubsection.1.3.3}{\376\377\000P\000o\000s\000t\000u\000p\000\040\000s\000i\000m\000u\000l\000a\000c\000e}{subsection.1.3}% 11
\BOOKMARK [3][-]{subsubsection.1.3.4}{\376\377\000V\000\375\000s\000l\000e\000d\000k\000y}{subsection.1.3}% 12
\BOOKMARK [1][-]{section.2}{\376\377\000P\001\131\000\355\000k\000l\000a\000d\000\040\0002\000E\000\040\040\023\000\040\000O\000s\000o\000v\000\375\000\040\000k\000v\000a\000d\000r\000a\000t\000i\000c\000k\000\375\000\040\000m\000o\000m\000e\000n\000t\000\040\000n\000e\000s\000y\000m\000e\000t\000r\000i\000c\000k\000\351\000h\000o\000\040\000p\000r\001\157\001\131\000e\000z\000u}{}% 13
\BOOKMARK [2][-]{subsection.2.1}{\376\377\000Z\000a\000d\000\341\000n\000\355}{section.2}% 14
\BOOKMARK [2][-]{subsection.2.2}{\376\377\000G\000e\000o\000m\000e\000t\000r\000i\000e\000\040\000p\000r\001\157\001\131\000e\000z\000u}{section.2}% 15
\BOOKMARK [2][-]{subsection.2.3}{\376\377\000D\000e\000t\000e\000r\000m\000i\000n\000i\000s\000t\000i\000c\000k\000\351\000\040\001\131\000e\001\141\000e\000n\000\355}{section.2}% 16
\BOOKMARK [3][-]{subsubsection.2.3.1}{\376\377\000P\000l\000o\000c\000h\000a\000\040\000p\000r\001\157\001\131\000e\000z\000u}{subsection.2.3}% 17
\BOOKMARK [3][-]{subsubsection.2.3.2}{\376\377\000T\001\033\001\176\000i\001\141\000t\001\033}{subsection.2.3}% 18
\BOOKMARK [3][-]{subsubsection.2.3.3}{\376\377\000T\001\033\001\176\000i\001\141\001\145\000o\000v\000\351\000\040\000k\000v\000a\000d\000r\000a\000t\000i\000c\000k\000\351\000\040\000m\000o\000m\000e\000n\000t\000y\000\040\000\050\000S\000t\000e\000i\000n\000e\000r\000o\000v\000a\000\040\000v\001\033\000t\000a\000\051}{subsection.2.3}% 19
\BOOKMARK [3][-]{subsubsection.2.3.4}{\376\377\000K\000v\000a\000d\000r\000a\000t\000i\000c\000k\000\351\000\040\000m\000o\000m\000e\000n\000t\000y\000\040\000k\000\040\000v\000n\001\033\000j\001\141\000\355\000m\000\040\000o\000s\000\341\000m\000\040\000\050\000o\000k\000r\000a\000j\000e\000\040\000o\000b\000a\000l\000o\000v\000\351\000h\000o\000\040\000o\000b\000d\000\351\000l\000n\000\355\000k\000u\000\051}{subsection.2.3}% 20
\BOOKMARK [2][-]{subsection.2.4}{\376\377\000S\000t\000o\000c\000h\000a\000s\000t\000i\000c\000k\000\341\000\040\000a\000n\000a\000l\000\375\000z\000a}{section.2}% 21
\BOOKMARK [1][-]{section.3}{\376\377\000P\001\131\000\355\000k\000l\000a\000d\000\040\0003\000E\000\040\040\023\000\040\000P\000r\000a\000v\000d\001\033\000p\000o\000d\000o\000b\000n\000o\000s\000t\000\040\000b\000e\000z\000p\000o\000r\000u\000c\000h\000o\000v\000\351\000h\000o\000\040\000p\000r\000o\000v\000o\000z\000u\000\040\000k\000l\000\355\000n\000o\000v\000\375\000c\000h\000\040\001\131\000e\000m\000e\000n\001\157}{}% 22
\BOOKMARK [2][-]{subsection.3.1}{\376\377\000Z\000a\000d\000\341\000n\000\355}{section.3}% 23
\BOOKMARK [2][-]{subsection.3.2}{\376\377\000S\000t\000a\000t\000i\000s\000t\000i\000c\000k\000\375\000\040\000p\000o\000p\000i\000s\000\040\000d\000a\000t}{section.3}% 24
\BOOKMARK [2][-]{subsection.3.3}{\376\377\000A\000n\000a\000l\000y\000t\000i\000c\000k\000\375\000\040\000v\000\375\000p\000o\001\015\000e\000t}{section.3}% 25
\BOOKMARK [2][-]{subsection.3.4}{\376\377\000M\000o\000n\000t\000e\000\040\000C\000a\000r\000l\000o\000\040\000s\000i\000m\000u\000l\000a\000c\000e}{section.3}% 26
\BOOKMARK [1][-]{section.4}{\376\377\000P\001\131\000\355\000k\000l\000a\000d\000\040\0004\000E\000\040\040\023\000\040\000M\000S\000\040\000p\000r\000u\001\176\000n\000o\000s\000t\000i\000\040\000a\000\040\000d\000e\000f\000o\000r\000m\000a\000c\000e\000\040\000s\000t\000u\000p\001\110\000o\000v\000i\000t\000\351\000h\000o\000\040\000p\000r\000u\000t\000u}{}% 27
\BOOKMARK [2][-]{subsection.4.1}{\376\377\000Z\000a\000d\000\341\000n\000\355}{section.4}% 28
\BOOKMARK [2][-]{subsection.4.2}{\376\377\000D\000e\000t\000e\000r\000m\000i\000n\000i\000s\000t\000i\000c\000k\000\351\000\040\001\131\000e\001\141\000e\000n\000\355}{section.4}% 29
\BOOKMARK [3][-]{subsubsection.4.2.1}{\376\377\000N\000o\000m\000i\000n\000\341\000l\000n\000\355\000\040\000n\000a\000p\001\033\000t\000\355\000\040\000v\000\040\000j\000e\000d\000n\000o\000t\000l\000i\000v\000\375\000c\000h\000\040\000\372\000s\000e\000c\000\355\000c\000h}{subsection.4.2}% 30
\BOOKMARK [3][-]{subsubsection.4.2.2}{\376\377\000S\000o\000u\001\015\000i\000n\000i\000t\000e\000l\000\351\000\040\000t\000v\000a\000r\000u\000\040\000\050\000P\000e\000t\000e\000r\000s\000o\000n\000,\000\040\000s\000t\000u\000p\001\110\000o\000v\000i\000t\000\375\000\040\000p\000l\000o\000c\000h\000\375\000\040\000p\000r\000u\000t\000\040\000v\000\040\000o\000h\000y\000b\000u\000\051}{subsection.4.2}% 31
\BOOKMARK [3][-]{subsubsection.4.2.3}{\376\377\000M\000a\000x\000i\000m\000\341\000l\000n\000\355\000\040\000n\000a\000p\001\033\000t\000\355}{subsection.4.2}% 32
\BOOKMARK [3][-]{subsubsection.4.2.4}{\376\377\000P\000r\001\157\000h\000y\000b\000\040\000\050\000M\000o\000h\000r\000o\000v\000a\000\040\000a\000n\000a\000l\000o\000g\000i\000e\000\040\000p\000r\000o\000\040\000s\000t\000u\000p\001\110\000o\000v\000i\000t\000\375\000\040\000p\000r\000u\000t\000\051}{subsection.4.2}% 33
\BOOKMARK [2][-]{subsection.4.3}{\376\377\000S\000t\000o\000c\000h\000a\000s\000t\000i\000c\000k\000\341\000\040\000a\000n\000a\000l\000\375\000z\000a\000\040\000\050\000M\000o\000n\000t\000e\000\040\000C\000a\000r\000l\000o\000\051}{section.4}% 34
\BOOKMARK [3][-]{subsubsection.4.3.1}{\376\377\000M\000S\000\040\000p\000r\000u\001\176\000n\000o\000s\000t\000i\000:\000\040\000g\0001\000\040\000=\000\040\000R\000e\000\040\000-\000\040\000\040\000>\000\040\0000}{subsection.4.3}% 35
\BOOKMARK [3][-]{subsubsection.4.3.2}{\376\377\000M\000S\000\040\000d\000e\000f\000o\000r\000m\000a\000c\000e\000:\000\040\000g\0002\000\040\000=\000\040\000w\000\040\000-\000\040\000w\000\040\000>\000\040\0000}{subsection.4.3}% 36
\BOOKMARK [2][-]{subsection.4.4}{\376\377\000C\000i\000t\000l\000i\000v\000o\000s\000t\000n\000\355\000\040\000a\000n\000a\000l\000\375\000z\000a}{section.4}% 37
\BOOKMARK [1][-]{section.5}{\376\377\000P\001\131\000\355\000k\000l\000a\000d\000\040\0005\000E\000\040\040\023\000\040\001\014\000a\000s\000o\000v\000\375\000\040\000p\000r\001\157\000b\001\033\000h\000\040\000n\000a\000p\001\033\000t\000\355\000\040\000v\000e\000\040\000v\000r\000u\000b\000e\000c\000h}{}% 38
\BOOKMARK [2][-]{subsection.5.1}{\376\377\000Z\000a\000d\000\341\000n\000\355}{section.5}% 39
\BOOKMARK [2][-]{subsection.5.2}{\376\377\000D\000e\000t\000e\000r\000m\000i\000n\000i\000s\000t\000i\000c\000k\000\351\000\040\001\131\000e\001\141\000e\000n\000\355}{section.5}% 40
\BOOKMARK [3][-]{subsubsection.5.2.1}{\376\377\000M\000e\000c\000h\000a\000n\000i\000k\000a\000\040\000j\000e\000d\000n\000o\000s\000t\000r\000a\000n\000n\000\351\000h\000o\000\040\000k\000o\000n\000t\000a\000k\000t\000u\000\040\040\024\000\040\000d\000v\000a\000\040\000z\000a\000t\001\033\001\176\000o\000v\000a\000c\000\355\000\040\000s\000t\000a\000v\000y}{subsection.5.2}% 41
\BOOKMARK [3][-]{subsubsection.5.2.2}{\376\377\000S\000t\000a\000v\000\040\000A\000\040\040\024\000\040\000s\000t\000a\000t\000i\000c\000k\000y\000\040\000n\000e\000u\000r\001\015\000i\000t\000\341\000\040\000\372\000l\000o\000h\000a\000\040\000\050\000k\000o\000n\000t\000a\000k\000t\000\040\000a\000k\000t\000i\000v\000n\000\355\000\051}{subsection.5.2}% 42
\BOOKMARK [3][-]{subsubsection.5.2.3}{\376\377\000S\000t\000a\000v\000\040\000B\000\040\040\024\000\040\000s\000t\000a\000t\000i\000c\000k\000y\000\040\000u\000r\001\015\000i\000t\000\341\000\040\000\372\000l\000o\000h\000a\000\040\000\050\000k\000o\000n\000t\000a\000k\000t\000\040\000r\000o\000z\000e\000v\001\131\000e\000n\000\051}{subsection.5.2}% 43
\BOOKMARK [3][-]{subsubsection.5.2.4}{\376\377\000S\000o\000u\001\015\000i\000n\000i\000t\000e\000l\000\040\000k\000o\000n\000c\000e\000n\000t\000r\000a\000c\000e\000\040\000n\000a\000p\001\033\000t\000\355}{subsection.5.2}% 44
\BOOKMARK [3][-]{subsubsection.5.2.5}{\376\377\000L\000o\000k\000\341\000l\000n\000\355\000\040\000n\000a\000p\001\033\000t\000\355\000\040\000v\000e\000\040\000v\000r\000u\000b\000e\000c\000h}{subsection.5.2}% 45
\BOOKMARK [2][-]{subsection.5.3}{\376\377\001\014\000a\000s\000o\000v\000\375\000\040\000p\000r\001\157\000b\001\033\000h\000\040\000n\000a\000p\001\033\000t\000\355}{section.5}% 46
\BOOKMARK [2][-]{subsection.5.4}{\376\377\000S\000t\000o\000c\000h\000a\000s\000t\000i\000c\000k\000\341\000\040\000a\000n\000a\000l\000\375\000z\000a}{section.5}% 47
\BOOKMARK [1][-]{section.6}{\376\377\000S\000o\000u\000h\000r\000n\000n\000\341\000\040\000t\000a\000b\000u\000l\000k\000a\000\040\000v\000\375\000s\000l\000e\000d\000k\001\157}{}% 48
